<?xml version="1.0" encoding="UTF-8"?>
<testng-results ignored="0" total="2" passed="2" failed="0" skipped="0">
  <reporter-output>
  </reporter-output>
  <suite started-at="2023-04-09T16:25:39 IST" name="Default suite" finished-at="2023-04-09T16:26:11 IST" duration-ms="32506">
    <groups>
      <group name="Search test">
        <method signature="Search_Page.Verify_search_results()[pri:1, instance:peddler.pages.Search_Page@52b1beb6]" name="Verify_search_results" class="peddler.pages.Search_Page"/>
        <method signature="Search_Page.Verify_No_search_results()[pri:2, instance:peddler.pages.Search_Page@52b1beb6]" name="Verify_No_search_results" class="peddler.pages.Search_Page"/>
      </group> <!-- Search test -->
    </groups>
    <test started-at="2023-04-09T16:25:39 IST" name="Default test" finished-at="2023-04-09T16:26:11 IST" duration-ms="32506">
      <class name="peddler.pages.Search_Page">
        <test-method is-config="true" signature="setup()[pri:0, instance:peddler.pages.Search_Page@52b1beb6]" started-at="2023-04-09T16:25:39 IST" name="setup" finished-at="2023-04-09T16:25:45 IST" duration-ms="6838" status="PASS">
          <reporter-output>
          </reporter-output>
        </test-method> <!-- setup -->
        <test-method signature="Verify_search_results()[pri:1, instance:peddler.pages.Search_Page@52b1beb6]" started-at="2023-04-09T16:25:46 IST" name="Verify_search_results" finished-at="2023-04-09T16:25:56 IST" duration-ms="10293" status="PASS">
          <reporter-output>
          </reporter-output>
        </test-method> <!-- Verify_search_results -->
        <test-method is-config="true" signature="teardown()[pri:0, instance:peddler.pages.Search_Page@52b1beb6]" started-at="2023-04-09T16:25:56 IST" name="teardown" finished-at="2023-04-09T16:25:56 IST" duration-ms="196" status="PASS">
          <reporter-output>
          </reporter-output>
        </test-method> <!-- teardown -->
        <test-method is-config="true" signature="setup()[pri:0, instance:peddler.pages.Search_Page@52b1beb6]" started-at="2023-04-09T16:25:56 IST" name="setup" finished-at="2023-04-09T16:26:00 IST" duration-ms="4455" status="PASS">
          <reporter-output>
          </reporter-output>
        </test-method> <!-- setup -->
        <test-method signature="Verify_No_search_results()[pri:2, instance:peddler.pages.Search_Page@52b1beb6]" started-at="2023-04-09T16:26:00 IST" name="Verify_No_search_results" finished-at="2023-04-09T16:26:11 IST" duration-ms="10416" status="PASS">
          <reporter-output>
          </reporter-output>
        </test-method> <!-- Verify_No_search_results -->
        <test-method is-config="true" signature="teardown()[pri:0, instance:peddler.pages.Search_Page@52b1beb6]" started-at="2023-04-09T16:26:11 IST" name="teardown" finished-at="2023-04-09T16:26:11 IST" duration-ms="218" status="PASS">
          <reporter-output>
          </reporter-output>
        </test-method> <!-- teardown -->
      </class> <!-- peddler.pages.Search_Page -->
    </test> <!-- Default test -->
  </suite> <!-- Default suite -->
</testng-results>
